<?xml version="1.0" encoding="utf-8"?><testsuites name="pytest tests"><testsuite name="pytest" errors="0" failures="1" skipped="0" tests="23" time="3.334" timestamp="2026-06-03T10:48:35.038575+00:00" hostname="agent-env-d774d9ba-c1cc-4c17-af35-36ca549dbea7"><testcase classname="backend.tests.test_uploads_analytics.TestImageUpload" name="test_upload_requires_auth" time="0.281" /><testcase classname="backend.tests.test_uploads_analytics.TestImageUpload" name="test_upload_rejects_non_image" time="0.321" /><testcase classname="backend.tests.test_uploads_analytics.TestImageUpload" name="test_upload_rejects_oversized" time="0.273" /><testcase classname="backend.tests.test_uploads_analytics.TestImageUpload" name="test_upload_png_success_and_fetch" time="0.156" /><testcase classname="backend.tests.test_uploads_analytics.TestImageUpload" name="test_upload_jpeg_success" time="0.053" /><testcase classname="backend.tests.test_uploads_analytics.TestImageUpload" name="test_upload_webp_success" time="0.047" /><testcase classname="backend.tests.test_uploads_analytics.TestAnalytics" name="test_visit_is_public" time="0.054" /><testcase classname="backend.tests.test_uploads_analytics.TestAnalytics" name="test_visit_minimal_payload" time="0.046" /><testcase classname="backend.tests.test_uploads_analytics.TestAnalytics" name="test_stats_requires_auth" time="0.044" /><testcase classname="backend.tests.test_uploads_analytics.TestAnalytics" name="test_stats_with_token" time="0.099" /><testcase classname="backend.tests.test_portfolio_api" name="test_get_portfolio_returns_seeded_content" time="0.097"><failure message="AssertionError: assert 'AI PRODUCT M...R @ RESHUFFLE' == 'PRODUCT MANAGER @ RESHUFFLE'&#10;  &#10;  - PRODUCT MANAGER @ RESHUFFLE&#10;  + AI PRODUCT MANAGER @ RESHUFFLE&#10;  ? +++">backend/tests/test_portfolio_api.py:43: in test_get_portfolio_returns_seeded_content
    assert d["hero"]["overline"] == "PRODUCT MANAGER @ RESHUFFLE"
E   AssertionError: assert 'AI PRODUCT M...R @ RESHUFFLE' == 'PRODUCT MANAGER @ RESHUFFLE'
E     
E     - PRODUCT MANAGER @ RESHUFFLE
E     + AI PRODUCT MANAGER @ RESHUFFLE
E     ? +++</failure></testcase><testcase classname="backend.tests.test_portfolio_api" name="test_login_wrong_password" time="0.268" /><testcase classname="backend.tests.test_portfolio_api" name="test_me_without_token" time="0.045" /><testcase classname="backend.tests.test_portfolio_api" name="test_me_with_token" time="0.309" /><testcase classname="backend.tests.test_portfolio_api" name="test_update_hero_requires_auth" time="0.043" /><testcase classname="backend.tests.test_portfolio_api" name="test_update_hero_section" time="0.182" /><testcase classname="backend.tests.test_portfolio_api" name="test_update_about_section" time="0.132" /><testcase classname="backend.tests.test_portfolio_api" name="test_update_skills_section" time="0.137" /><testcase classname="backend.tests.test_portfolio_api" name="test_update_contact_section" time="0.127" /><testcase classname="backend.tests.test_portfolio_api" name="test_update_invalid_section" time="0.047" /><testcase classname="backend.tests.test_portfolio_api" name="test_project_crud" time="0.139" /><testcase classname="backend.tests.test_portfolio_api" name="test_project_create_requires_auth" time="0.043" /><testcase classname="backend.tests.test_portfolio_api" name="test_experience_crud" time="0.134" /></testsuite></testsuites>