<?xml version="1.0" encoding="utf-8"?><testsuites name="pytest tests"><testsuite name="pytest" errors="0" failures="0" skipped="0" tests="13" time="2.089" timestamp="2026-06-03T09:53:55.933711+00:00" hostname="agent-env-d774d9ba-c1cc-4c17-af35-36ca549dbea7"><testcase classname="backend.tests.test_portfolio_api" name="test_get_portfolio_returns_seeded_content" time="0.237" /><testcase classname="backend.tests.test_portfolio_api" name="test_login_wrong_password" time="0.272" /><testcase classname="backend.tests.test_portfolio_api" name="test_me_without_token" time="0.045" /><testcase classname="backend.tests.test_portfolio_api" name="test_me_with_token" time="0.313" /><testcase classname="backend.tests.test_portfolio_api" name="test_update_hero_requires_auth" time="0.042" /><testcase classname="backend.tests.test_portfolio_api" name="test_update_hero_section" time="0.187" /><testcase classname="backend.tests.test_portfolio_api" name="test_update_about_section" time="0.135" /><testcase classname="backend.tests.test_portfolio_api" name="test_update_skills_section" time="0.134" /><testcase classname="backend.tests.test_portfolio_api" name="test_update_contact_section" time="0.131" /><testcase classname="backend.tests.test_portfolio_api" name="test_update_invalid_section" time="0.044" /><testcase classname="backend.tests.test_portfolio_api" name="test_project_crud" time="0.143" /><testcase classname="backend.tests.test_portfolio_api" name="test_project_create_requires_auth" time="0.043" /><testcase classname="backend.tests.test_portfolio_api" name="test_experience_crud" time="0.140" /></testsuite></testsuites>